make all -f /home/leesum/ysyx/nemu/Makefile -C /home/leesum/ysyx/nemu/ --print-data-base --no-builtin-variables --no-builtin-rules --question
# make: Entering directory '/home/leesum/ysyx/nemu'
 
make: *** No rule to make target 'all'.  Stop.

# GNU Make 4.3
# Built for x86_64-pc-linux-gnu
# Copyright (C) 1988-2020 Free Software Foundation, Inc.
# License GPLv3+: GNU GPL version 3 or later <http://gnu.org/licenses/gpl.html>
# This is free software: you are free to change and redistribute it.
# There is NO WARRANTY, to the extent permitted by law.

# Make data base, printed on Fri Oct 28 11:21:50 2022

# Variables

# environment
LC_ALL = C
# makefile (from '/home/leesum/ysyx/nemu/scripts/config.mk', line 67)
define call_fixdep
	@$(FIXDEP) $(1) $(2) unused > $(1).tmp
	@mv $(1).tmp $(1)
endef
# makefile (from '/home/leesum/ysyx/nemu/Makefile', line 29)
ENGINE = $(call remove_quote,$(CONFIG_ENGINE))
# environment
NEMU_HOME = /home/leesum/ysyx/nemu
# environment
LC_NAME = zh_CN.UTF-8
# environment
LC_NUMERIC = zh_CN.UTF-8
# environment
VSCODE_CWD = /home/leesum
# makefile (from 'src/filelist.mk', line 22)
LIBS = $(if $(CONFIG_TARGET_NATIVE_ELF),-lreadline -ldl -pie,)
# makefile (from '/home/leesum/ysyx/nemu/../Makefile', line 22)
define git_commit
	-@flock $(LOCK_DIR) $(MAKE) -C $(YSYX_HOME) .git_commit MSG='$(1)'
	-@sync
endef
# environment
LC_ADDRESS = zh_CN.UTF-8
# default
MAKE_COMMAND := make
# environment
VSCODE_HANDLES_SIGPIPE = true
# automatic
@D = $(patsubst %/,%,$(dir $@))
# makefile (from '/home/leesum/ysyx/nemu/../Makefile', line 2)
STUNAME = 李子龙
# makefile (from '/home/leesum/ysyx/nemu/scripts/build.mk', line 15)
OBJ_DIR = $(BUILD_DIR)/obj-$(NAME)$(SO)
# makefile (from '/home/leesum/ysyx/nemu/scripts/config.mk', line 24)
Q := @
# environment
VSCODE_HANDLES_UNCAUGHT_ERRORS = true
# makefile (from '/home/leesum/ysyx/nemu/scripts/build.mk', line 16)
BINARY = $(BUILD_DIR)/$(NAME)$(SO)
# default
.VARIABLES := 
# environment
PWD = /home/leesum/ysyx
# automatic
%D = $(patsubst %/,%,$(dir $%))
# environment
MAIL = /var/spool/mail/leesum
# environment
XDG_DATA_DIRS = /home/leesum/.local/share/flatpak/exports/share:/var/lib/flatpak/exports/share:/usr/local/share:/usr/share
# makefile (from '/home/leesum/ysyx/nemu/scripts/config.mk', line 17)
COLOR_END := \033[0m
# automatic
^D = $(patsubst %/,%,$(dir $^))
# makefile (from '/home/leesum/ysyx/nemu/../Makefile', line 11)
WORK_INDEX = $(YSYX_HOME)/.git/index.$(WORK_BRANCH)
# automatic
%F = $(notdir $%)
# environment
LANG = C
# default
.LOADED := 
# default
.INCLUDE_DIRS = /usr/include /usr/local/include /usr/include
# makefile (from 'src/filelist.mk', line 19)
DIRS-BLACKLIST- = src/monitor/sdb
# makefile
MAKEFLAGS = pqrRw
# makefile
CURDIR := /home/leesum/ysyx/nemu
# makefile (from '/home/leesum/ysyx/nemu/scripts/config.mk', line 26)
FIXDEP_PATH := /home/leesum/ysyx/nemu/tools/fixdep
# makefile (from '/home/leesum/ysyx/nemu/Makefile', line 39)
SRCS-y = src/nemu-main.c $(shell find $(DIRS-y) -name "*.c")
# environment
APPLICATION_INSIGHTS_NO_DIAGNOSTIC_CHANNEL = 1
# makefile (from '/home/leesum/ysyx/nemu/Makefile', line 40)
SRCS = $(filter-out $(SRCS-BLACKLIST-y),$(SRCS-y))
# automatic
*D = $(patsubst %/,%,$(dir $*))
# makefile (from '/home/leesum/ysyx/nemu/../Makefile', line 7)
GITFLAGS = -q --author='$(TRACER) <tracer@ysyx.org>' --no-verify --allow-empty
# makefile (from '/home/leesum/ysyx/nemu/scripts/build.mk', line 14)
INC_PATH := /home/leesum/ysyx/nemu/include /home/leesum/ysyx/nemu/src/isa//include /home/leesum/ysyx/nemu/src/engine/ /usr/include/SDL2
# environment
MFLAGS = -pqrRw
# default
.SHELLFLAGS := -c
# environment
QT_LINUX_ACCESSIBILITY_ALWAYS_ON = 1
# makefile (from '/home/leesum/ysyx/nemu/scripts/config.mk', line 32)
MCONF := /home/leesum/ysyx/nemu/tools/kconfig/build/mconf
# automatic
+D = $(patsubst %/,%,$(dir $+))
# makefile (from '/home/leesum/ysyx/nemu/tools/difftest.mk', line 1)
MAKEFILE_LIST := /home/leesum/ysyx/nemu/Makefile src/device/filelist.mk src/utils/filelist.mk src/isa/filelist.mk src/filelist.mk src/engine/filelist.mk /home/leesum/ysyx/nemu/scripts/config.mk /home/leesum/ysyx/nemu/scripts/native.mk /home/leesum/ysyx/nemu/../Makefile /home/leesum/ysyx/nemu/scripts/build.mk /home/leesum/ysyx/nemu/tools/difftest.mk
# makefile (from 'src/filelist.mk', line 21)
SHARE = $(if $(CONFIG_TARGET_SHARE),1,0)
# automatic
@F = $(notdir $@)
# makefile (from '/home/leesum/ysyx/nemu/../Makefile', line 12)
TRACER_BRANCH = $(TRACER)
# environment
XDG_SESSION_TYPE = tty
# automatic
?D = $(patsubst %/,%,$(dir $?))
# environment
INPUT_METHOD = fcitx
# makefile (from '/home/leesum/ysyx/nemu/scripts/config.mk', line 29)
silent := -s
# makefile (from '/home/leesum/ysyx/nemu/scripts/build.mk', line 25)
INCLUDES = $(addprefix -I, $(INC_PATH))
# automatic
*F = $(notdir $*)
# makefile (from '/home/leesum/ysyx/nemu/Makefile', line 52)
CFLAGS_TRACE = -DITRACE_COND=$(if $(CONFIG_ITRACE_COND),$(call remove_quote,$(CONFIG_ITRACE_COND)),true)
# environment
DBUS_SESSION_BUS_ADDRESS = unix:path=/run/user/1000/bus
# makefile (from '/home/leesum/ysyx/nemu/../Makefile', line 14)
LOCK_DIR = $(YSYX_HOME)/.git/
# automatic
<D = $(patsubst %/,%,$(dir $<))
# makefile (from '/home/leesum/ysyx/nemu/Makefile', line 28)
GUEST_ISA = $(call remove_quote,$(CONFIG_ISA))
# environment
VSCODE_NLS_CONFIG = {"locale":"zh-cn","availableLanguages":{"*":"zh-cn"},"_languagePackId":"d12f895d31d9f9b0d093ad4fb7402f51.zh-cn","_translationsConfigFile":"/home/leesum/.vscode-server/data/clp/d12f895d31d9f9b0d093ad4fb7402f51.zh-cn/tcf.json","_cacheRoot":"/home/leesum/.vscode-server/data/clp/d12f895d31d9f9b0d093ad4fb7402f51.zh-cn","_resolvedLanguagePackCoreLocation":"/home/leesum/.vscode-server/data/clp/d12f895d31d9f9b0d093ad4fb7402f51.zh-cn/d045a5eda657f4d7b676dedbfa7aab8207f8a075","_corruptedFile":"/home/leesum/.vscode-server/data/clp/d12f895d31d9f9b0d093ad4fb7402f51.zh-cn/corrupted.info","_languagePackSupport":true}
# default
MAKE_HOST := x86_64-pc-linux-gnu
# makefile (from '/home/leesum/ysyx/nemu/scripts/build.mk', line 31)
OBJS = $(SRCS:%.c=$(OBJ_DIR)/%.o) $(CXXSRC:%.cc=$(OBJ_DIR)/%.o)
# environment
SDL_IM_MODULE = fcitx
# makefile
SHELL = /bin/sh
# default
MAKECMDGOALS := all
# environment
XMODIFIERS = @im=fcitx
# environment
NPC_HOME = /home/leesum/ysyx/npc
# environment
SHLVL = 1
# 'override' directive (from '/home/leesum/ysyx/nemu/scripts/native.mk', line 28)
ARGS = --log=$(BUILD_DIR)/nemu-log.txt $(ARGS_DIFF)
# environment
MAKELEVEL := 0
# default
MAKE = $(MAKE_COMMAND)
# environment
PATH = /home/leesum/.vscode-server/bin/d045a5eda657f4d7b676dedbfa7aab8207f8a075/bin/remote-cli:/home/leesum/.local/bin:/usr/local/sbin:/usr/local/bin:/usr/bin:/usr/lib/jvm/default/bin:/usr/bin/site_perl:/usr/bin/vendor_perl:/usr/bin/core_perl
# default
MAKEFILES := 
# makefile (from '/home/leesum/ysyx/nemu/scripts/config.mk', line 33)
FIXDEP := /home/leesum/ysyx/nemu/tools/fixdep/build/fixdep
# environment
LC_MONETARY = zh_CN.UTF-8
# environment
MOTD_SHOWN = pam
# automatic
^F = $(notdir $^)
# environment
LC_TIME = zh_CN.UTF-8
# makefile (from 'src/engine/filelist.mk', line 17)
DIRS-y = src/device/io src/isa/$(GUEST_ISA) src/cpu src/monitor src/utils src/engine/$(ENGINE)
# makefile (from 'src/filelist.mk', line 27)
SRCS- = src/device/device.c src/device/alarm.c src/device/intr.c src/device/serial.c src/device/timer.c src/device/keyboard.c src/device/vga.c src/device/audio.c src/device/disk.c src/device/sdcard.c src/am-bin.S
# makefile (from '/home/leesum/ysyx/nemu/scripts/config.mk', line 28)
rm-distclean = include/generated include/config .config .config.old
# environment
SSH_CLIENT = 192.168.1.25 3797 22
# makefile (from '/home/leesum/ysyx/nemu/../Makefile', line 9)
YSYX_HOME = $(NEMU_HOME)/..
# makefile (from '/home/leesum/ysyx/nemu/scripts/config.mk', line 25)
KCONFIG_PATH := /home/leesum/ysyx/nemu/tools/kconfig
# makefile (from '/home/leesum/ysyx/nemu/../Makefile', line 10)
WORK_BRANCH = $(shell git rev-parse --abbrev-ref HEAD)
# environment
LC_TELEPHONE = zh_CN.UTF-8
# automatic
?F = $(notdir $?)
# makefile (from '/home/leesum/ysyx/nemu/Makefile', line 30)
NAME = $(GUEST_ISA)-nemu-$(ENGINE)
# makefile (from '/home/leesum/ysyx/nemu/scripts/build.mk', line 10)
WORK_DIR = $(shell pwd)
# environment
GTK_IM_MODULE = fcitx
# makefile (from 'src/filelist.mk', line 18)
DIRS- = src/memory
# makefile (from '/home/leesum/ysyx/nemu/scripts/native.mk', line 31)
IMG = 
# environment
LS_COLORS = 
# automatic
+F = $(notdir $+)
# makefile (from '/home/leesum/ysyx/nemu/../Makefile', line 6)
TRACER = tracer-ysyx2204
# 'override' directive
GNUMAKEFLAGS := 
# environment
BROWSER = /home/leesum/.vscode-server/bin/d045a5eda657f4d7b676dedbfa7aab8207f8a075/bin/helpers/browser.sh
# makefile (from '/home/leesum/ysyx/nemu/scripts/config.mk', line 16)
COLOR_RED := \033[1;31m
# environment
LOGNAME = leesum
# makefile (from '/home/leesum/ysyx/nemu/Makefile', line 33)
FILELIST_MK = $(shell find ./src -name "filelist.mk")
# makefile (from '/home/leesum/ysyx/nemu/scripts/build.mk', line 1)
.DEFAULT_GOAL = app
# environment
NAVY_HOME = /home/leesum/ysyx/navy-apps
# environment
USER = leesum
# default
MAKE_VERSION := 4.3
# makefile (from '/home/leesum/ysyx/nemu/Makefile', line 37)
DIRS-BLACKLIST-y = $(DIRS-BLACKLIST)
# 'override' directive
.SHELLSTATUS := 0
# makefile (from '/home/leesum/ysyx/nemu/scripts/config.mk', line 27)
Kconfig := /home/leesum/ysyx/nemu/Kconfig
# makefile (from '/home/leesum/ysyx/nemu/../Makefile', line 17)
git_soft_checkout = 	git checkout --detach -q && git reset --soft $(1) -q && git checkout $(1) -q
# makefile (from '/home/leesum/ysyx/nemu/Makefile', line 25)
remove_quote = $(patsubst "%",%,$(1))
# makefile (from '/home/leesum/ysyx/nemu/scripts/build.mk', line 27)
LDFLAGS := -O2     -fuse-ld=gold -fPIC
# environment
LC_MEASUREMENT = zh_CN.UTF-8
# makefile (from '/home/leesum/ysyx/nemu/scripts/native.mk', line 32)
NEMU_EXEC := /home/leesum/ysyx/nemu/build/-nemu- --log=/home/leesum/ysyx/nemu/build/nemu-log.txt  
# makefile (from '/home/leesum/ysyx/nemu/../Makefile', line 1)
STUID = ysyx_22041514
# environment
VSCODE_AGENT_FOLDER = /home/leesum/.vscode-server
# environment
_ = /usr/bin/make
# makefile (from '/home/leesum/ysyx/nemu/scripts/config.mk', line 31)
CONF := /home/leesum/ysyx/nemu/tools/kconfig/build/conf
# environment
LC_PAPER = zh_CN.UTF-8
# environment
XDG_RUNTIME_DIR = /run/user/1000
# makefile (from '/home/leesum/ysyx/nemu/scripts/build.mk', line 26)
CFLAGS := -O2 -MMD -Wall  -fPIC -I/home/leesum/ysyx/nemu/include -I/home/leesum/ysyx/nemu/src/isa//include -I/home/leesum/ysyx/nemu/src/engine/ -I/usr/include/SDL2     -DITRACE_COND=true -D__GUEST_ISA__= 
# makefile (from '/home/leesum/ysyx/nemu/Makefile', line 44)
CXXSRC = $(NEMU_HOME)/src/monitor/sdb/exprresult.cc $(NEMU_HOME)/src/monitor/sdb/watchpoint.cc
# environment
VSCODE_IPC_HOOK_CLI = /run/user/1000/vscode-ipc-59d0eb4a-0987-43fe-8cc5-20c5bc33611f.sock
# makefile (from '/home/leesum/ysyx/nemu/Makefile', line 38)
SRCS-BLACKLIST-y = $(SRCS-BLACKLIST) $(shell find $(DIRS-BLACKLIST-y) -name "*.c")
# environment
XDG_SESSION_CLASS = user
# environment
VSCODE_AMD_ENTRYPOINT = vs/workbench/api/node/extensionHostProcess
# makefile (from '/home/leesum/ysyx/nemu/scripts/build.mk', line 11)
BUILD_DIR = $(WORK_DIR)/build
# environment
HOME = /home/leesum
# environment
QT_IM_MODULE = fcitx
# makefile (from 'src/device/filelist.mk', line 26)
SRCS-BLACKLIST- = src/device/alarm.c
# makefile (from '/home/leesum/ysyx/nemu/scripts/native.mk', line 44)
clean-tools = $(dir $(shell find ./tools -maxdepth 2 -mindepth 2 -name "Makefile"))
# environment
_JAVA_OPTIONS = -Dawt.useSystemAAFontSettings=on -Dswing.aatext=true -Dsun.java2d.xrender=true
# environment
ELECTRON_RUN_AS_NODE = 1
# environment
XDG_SESSION_ID = 8
# default
.RECIPEPREFIX := 
# automatic
<F = $(notdir $<)
# environment
AM_HOME = /home/leesum/ysyx/abstract-machine
# default
SUFFIXES := 
# makefile (from '/home/leesum/ysyx/nemu/scripts/build.mk', line 24)
LD := g++
# makefile (from '/home/leesum/ysyx/nemu/Makefile', line 51)
CFLAGS_BUILD = $(call remove_quote,$(CONFIG_CC_OPT)) $(if $(CONFIG_CC_LTO),-flto,) $(if $(CONFIG_CC_DEBUG),-Og -ggdb3,) $(if $(CONFIG_CC_ASAN),-fsanitize=address,)
# default
.FEATURES := target-specific order-only second-expansion else-if shortest-stem undefine oneshell nocomment grouped-target extra-prereqs archives jobserver output-sync check-symlink guile load
# makefile (from '/home/leesum/ysyx/nemu/scripts/build.mk', line 22)
CXX := g++
# makefile (from '/home/leesum/ysyx/nemu/Makefile', line 47)
CC = $(call remove_quote,$(CONFIG_CC))
# environment
LC_IDENTIFICATION = zh_CN.UTF-8
# environment
SSH_CONNECTION = 192.168.1.25 3797 192.168.1.30 22
# variable set hash-table stats:
# Load=144/1024=14%, Rehash=0, Collisions=43/622=7%

# Pattern-specific Variable Values

# No pattern-specific variable values.

# Directories


# No files, no impossibilities in 0 directories.

# Implicit Rules

%defconfig: /home/leesum/ysyx/nemu/tools/kconfig/build/conf /home/leesum/ysyx/nemu/tools/fixdep/build/fixdep
#  recipe to execute (from '/home/leesum/ysyx/nemu/scripts/config.mk', line 52):
	$(Q)$< $(silent) --defconfig=configs/$@ $(Kconfig)
	$(Q)$< $(silent) --syncconfig $(Kconfig)

/home/leesum/ysyx/nemu/build/obj--nemu-/%.o: %.c
#  recipe to execute (from '/home/leesum/ysyx/nemu/scripts/build.mk', line 35):
	@echo + CC $<
	@mkdir -p $(dir $@)
	@$(CC) $(CFLAGS) -c -o $@ $<
	$(call call_fixdep, $(@:.o=.d), $@)

/home/leesum/ysyx/nemu/build/obj--nemu-/%.o: %.cc
#  recipe to execute (from '/home/leesum/ysyx/nemu/scripts/build.mk', line 41):
	@echo + CXX $<
	@mkdir -p $(dir $@)
	@$(CXX) $(CFLAGS) $(CXXFLAGS) -c -o $@ $<
	$(call call_fixdep, $(@:.o=.d), $@)

# 3 implicit rules, 0 (0.0%) terminal.
# Files

_default:
#  Phony target (prerequisite of .PHONY).
#  Implicit rule search has not been done.
#  File does not exist.
#  File has not been updated.
#  recipe to execute (from '/home/leesum/ysyx/nemu/../Makefile', line 42):
	@echo "Please run 'make' under subprojects."

# Not a target:
/home/leesum/ysyx/nemu/build/obj--nemu-/src/isa/riscv32/reg.d:
#  Implicit rule search has been done.
#  File does not exist.
#  File has been updated.
#  Failed to be updated.

/home/leesum/ysyx/nemu/tools/fixdep/build/fixdep:
#  Implicit rule search has not been done.
#  Modification time never checked.
#  File has not been updated.
#  recipe to execute (from '/home/leesum/ysyx/nemu/scripts/config.mk', line 42):
	$(Q)$(MAKE) $(silent) -C $(FIXDEP_PATH)

# Not a target:
/home/leesum/ysyx/nemu/build/obj--nemu-/src/utils/state.d:
#  Implicit rule search has been done.
#  File does not exist.
#  File has been updated.
#  Failed to be updated.

distclean: clean
#  Phony target (prerequisite of .PHONY).
#  Implicit rule search has not been done.
#  File does not exist.
#  File has not been updated.
#  recipe to execute (from '/home/leesum/ysyx/nemu/scripts/config.mk', line 63):
	-@rm -rf $(rm-distclean)

# Not a target:
/home/leesum/ysyx/nemu/build/obj--nemu-/src/isa/riscv32/init.o:
#  Implicit rule search has not been done.
#  Modification time never checked.
#  File has not been updated.

# Not a target:
/home/leesum/ysyx/nemu/build/obj--nemu-/src/device/io/port-io.d:
#  Implicit rule search has been done.
#  File does not exist.
#  File has been updated.
#  Failed to be updated.

# Not a target:
/home/leesum/ysyx/nemu/build/obj--nemu-/src/isa/riscv32/system/mmu.d:
#  Implicit rule search has been done.
#  File does not exist.
#  File has been updated.
#  Failed to be updated.

# Not a target:
/home/leesum/ysyx/nemu/build/obj--nemu-/src/engine/interpreter/init.d:
#  Implicit rule search has been done.
#  File does not exist.
#  File has been updated.
#  Failed to be updated.

# Not a target:
/home/leesum/ysyx/nemu/build/obj--nemu-/src/isa/riscv64/inst.d:
#  Implicit rule search has been done.
#  File does not exist.
#  File has been updated.
#  Failed to be updated.

app: /home/leesum/ysyx/nemu/build/-nemu-
#  Phony target (prerequisite of .PHONY).
#  Implicit rule search has not been done.
#  File does not exist.
#  File has not been updated.

# Not a target:
/home/leesum/ysyx/nemu/include/config/auto.conf:
#  Implicit rule search has been done.
#  File does not exist.
#  File has been updated.
#  Failed to be updated.

# Not a target:
/home/leesum/ysyx/nemu/Makefile:
#  Implicit rule search has been done.
 
#  Last modified 2022-09-28 14:29:11
#  File has been updated.
#  Successfully updated.

# Not a target:
/home/leesum/ysyx/nemu/build/obj--nemu-/src/device/io/map.d:
#  Implicit rule search has been done.
#  File does not exist.
#  File has been updated.
#  Failed to be updated.

# Not a target:
/home/leesum/ysyx/nemu/build/obj--nemu-/src/isa/riscv32/system/mmu.o:
#  Implicit rule search has not been done.
#  Modification time never checked.
#  File has not been updated.

clean-all: clean distclean clean-tools
#  Phony target (prerequisite of .PHONY).
#  Implicit rule search has not been done.
#  File does not exist.
#  File has not been updated.

# Not a target:
/home/leesum/ysyx/nemu/build/obj--nemu-/src/isa/riscv64/system/intr.d:
#  Implicit rule search has been done.
#  File does not exist.
#  File has been updated.
#  Failed to be updated.

# Not a target:
/home/leesum/ysyx/nemu/build/obj--nemu-//home/leesum/ysyx/nemu/src/monitor/sdb/watchpoint.o:
#  Implicit rule search has not been done.
#  Modification time never checked.
#  File has not been updated.

# Not a target:
/home/leesum/ysyx/nemu/build/obj--nemu-/src/cpu/difftest/ref.o:
#  Implicit rule search has not been done.
#  Modification time never checked.
#  File has not been updated.

# Not a target:
/home/leesum/ysyx/nemu/build/obj--nemu-/src/device/io/mmio.d:
#  Implicit rule search has been done.
#  File does not exist.
#  File has been updated.
#  Failed to be updated.

# Not a target:
/home/leesum/ysyx/nemu/build/obj--nemu-/src/isa/riscv32/logo.d:
#  Implicit rule search has been done.
#  File does not exist.
#  File has been updated.
#  Failed to be updated.

# Not a target:
/home/leesum/ysyx/nemu/build/obj--nemu-/src/nemu-main.d:
#  Implicit rule search has been done.
#  File does not exist.
#  File has been updated.
#  Failed to be updated.

# Not a target:
/home/leesum/ysyx/nemu/build/obj--nemu-/src/monitor/sdb/sdb.o:
#  Implicit rule search has not been done.
#  Modification time never checked.
#  File has not been updated.

run-env: /home/leesum/ysyx/nemu/build/-nemu-
#  Phony target (prerequisite of .PHONY).
#  Implicit rule search has not been done.
#  File does not exist.
#  File has not been updated.

# Not a target:
/home/leesum/ysyx/nemu/build/obj--nemu-/src/isa/riscv64/logo.d:
#  Implicit rule search has been done.
#  File does not exist.
#  File has been updated.
#  Failed to be updated.

# Not a target:
/home/leesum/ysyx/nemu/build/obj--nemu-/src/utils/timer.d:
#  Implicit rule search has been done.
#  File does not exist.
#  File has been updated.
#  Failed to be updated.

# Not a target:
/home/leesum/ysyx/nemu/build/obj--nemu-/src/cpu/difftest/ref.d:
#  Implicit rule search has been done.
#  File does not exist.
#  File has been updated.
#  Failed to be updated.

# Not a target:
/home/leesum/ysyx/nemu/build/obj--nemu-/src/engine/interpreter/hostcall.d:
#  Implicit rule search has been done.
#  File does not exist.
#  File has been updated.
#  Failed to be updated.

# Not a target:
/home/leesum/ysyx/nemu/build/obj--nemu-/src/monitor/monitor.d:
#  Implicit rule search has been done.
#  File does not exist.
#  File has been updated.
#  Failed to be updated.

# Not a target:
/home/leesum/ysyx/nemu/build/obj--nemu-/src/isa/riscv32/system/intr.d:
#  Implicit rule search has been done.
#  File does not exist.
#  File has been updated.
#  Failed to be updated.

# Not a target:
/home/leesum/ysyx/nemu/build/obj--nemu-/src/isa/riscv64/init.d:
#  Implicit rule search has been done.
#  File does not exist.
#  File has been updated.
#  Failed to be updated.

# Not a target:
/home/leesum/ysyx/nemu/build/obj--nemu-/src/nemu-main.o:
#  Implicit rule search has not been done.
#  Modification time never checked.
#  File has not been updated.

# Not a target:
/home/leesum/ysyx/nemu/include/config/auto.conf.cmd:
#  Implicit rule search has been done.
#  File does not exist.
#  File has been updated.
#  Failed to be updated.

# Not a target:
/home/leesum/ysyx/nemu/build/obj--nemu-/src/isa/riscv64/system/mmu.d:
#  Implicit rule search has been done.
#  File does not exist.
#  File has been updated.
#  Failed to be updated.

# Not a target:
/home/leesum/ysyx/nemu/build/obj--nemu-/src/engine/interpreter/hostcall.o:
#  Implicit rule search has not been done.
#  Modification time never checked.
#  File has not been updated.

clean:
#  Phony target (prerequisite of .PHONY).
#  Implicit rule search has not been done.
#  File does not exist.
#  File has not been updated.
#  recipe to execute (from '/home/leesum/ysyx/nemu/scripts/build.mk', line 60):
	-rm -rf $(BUILD_DIR)

# Not a target:
/home/leesum/ysyx/nemu/build/obj--nemu-/src/device/io/mmio.o:
#  Implicit rule search has not been done.
#  Modification time never checked.
#  File has not been updated.

# Not a target:
/home/leesum/ysyx/nemu/build/obj--nemu-/src/engine/interpreter/init.o:
#  Implicit rule search has not been done.
#  Modification time never checked.
#  File has not been updated.

.git_commit:
#  Phony target (prerequisite of .PHONY).
#  Implicit rule search has not been done.
#  File does not exist.
#  File has not been updated.
#  recipe to execute (from '/home/leesum/ysyx/nemu/../Makefile', line 28):
	-@while (test -e .git/index.lock); do sleep 0.1; done;               `# wait for other git instances`
	-@git branch $(TRACER_BRANCH) -q 2>/dev/null || true                 `# create tracer branch if not existent`
	-@cp -a .git/index $(WORK_INDEX)                                     `# backup git index`
	-@$(call git_soft_checkout, $(TRACER_BRANCH))                        `# switch to tracer branch`
	-@git add . -A --ignore-errors                                       `# add files to commit`
	-@(echo "> $(MSG)" && echo $(STUID) $(STUNAME) && uname -a && uptime `# generate commit msg`) \
	                | git commit -F - $(GITFLAGS)                        `# commit changes in tracer branch`
	-@$(call git_soft_checkout, $(WORK_BRANCH))                          `# switch to work branch`
	-@mv $(WORK_INDEX) .git/index                                        `# restore git index`

# Not a target:
/home/leesum/ysyx/nemu/tools/difftest.mk:
#  Implicit rule search has been done.
#  Last modified 2022-09-28 14:29:11
#  File has been updated.
#  Successfully updated.

# Not a target:
/home/leesum/ysyx/nemu/build/obj--nemu-/src/utils/log.d:
#  Implicit rule search has been done.
#  File does not exist.
#  File has been updated.
#  Failed to be updated.

# Not a target:
/home/leesum/ysyx/nemu/build/obj--nemu-/src/device/io/port-io.o:
#  Implicit rule search has not been done.
#  Modification time never checked.
#  File has not been updated.

# Not a target:
/home/leesum/ysyx/nemu/build/obj--nemu-/src/utils/rand.d:
#  Implicit rule search has been done.
#  File does not exist.
#  File has been updated.
#  Failed to be updated.

defconfig:
#  Phony target (prerequisite of .PHONY).
#  Implicit rule search has not been done.
#  File does not exist.
#  File has not been updated.

# Not a target:
/home/leesum/ysyx/nemu/build/obj--nemu-/src/isa/riscv64/system/intr.o:
#  Implicit rule search has not been done.
#  Modification time never checked.
#  File has not been updated.

# Not a target:
/home/leesum/ysyx/nemu/build/obj--nemu-/src/monitor/sdb/expr.d:
#  Implicit rule search has been done.
#  File does not exist.
#  File has been updated.
#  Failed to be updated.

# Not a target:
/home/leesum/ysyx/nemu/build/obj--nemu-/src/isa/riscv32/init.d:
#  Implicit rule search has been done.
#  File does not exist.
#  File has been updated.
#  Failed to be updated.

# Not a target:
/home/leesum/ysyx/nemu/build/obj--nemu-/src/isa/riscv64/inst.o:
#  Implicit rule search has not been done.
#  Modification time never checked.
#  File has not been updated.

menuconfig: /home/leesum/ysyx/nemu/tools/kconfig/build/mconf /home/leesum/ysyx/nemu/tools/kconfig/build/conf /home/leesum/ysyx/nemu/tools/fixdep/build/fixdep
#  Phony target (prerequisite of .PHONY).
#  Implicit rule search has not been done.
#  File does not exist.
#  File has not been updated.
#  recipe to execute (from '/home/leesum/ysyx/nemu/scripts/config.mk', line 45):
	$(Q)$(MCONF) $(Kconfig)
	$(Q)$(CONF) $(silent) --syncconfig $(Kconfig)

# Not a target:
/home/leesum/ysyx/nemu/build/obj--nemu-/src/isa/riscv32/difftest/dut.d:
#  Implicit rule search has been done.
#  File does not exist.
#  File has been updated.
#  Failed to be updated.

# Not a target:
/home/leesum/ysyx/nemu/build/obj--nemu-/src/monitor/monitor.o:
#  Implicit rule search has not been done.
#  Modification time never checked.
#  File has not been updated.

# Not a target:
/home/leesum/ysyx/nemu/build/obj--nemu-/src/utils/state.o:
#  Implicit rule search has not been done.
#  Modification time never checked.
#  File has not been updated.

# Not a target:
/home/leesum/ysyx/nemu/build/obj--nemu-/src/monitor/sdb/sdb.d:
#  Implicit rule search has been done.
#  File does not exist.
#  File has been updated.
#  Failed to be updated.

.clean_index:
#  Phony target (prerequisite of .PHONY).
#  Implicit rule search has not been done.
#  File does not exist.
#  File has not been updated.
#  recipe to execute (from '/home/leesum/ysyx/nemu/../Makefile', line 39):
	rm -f $(WORK_INDEX)

# Not a target:
/home/leesum/ysyx/nemu/scripts/native.mk:
#  Implicit rule search has been done.
#  Last modified 2022-09-28 14:29:11
#  File has been updated.
#  Successfully updated.

# Not a target:
/home/leesum/ysyx/nemu/build/obj--nemu-/src/isa/riscv64/difftest/dut.d:
#  Implicit rule search has been done.
#  File does not exist.
#  File has been updated.
#  Failed to be updated.

# Not a target:
/home/leesum/ysyx/nemu/build/obj--nemu-/src/isa/riscv64/reg.d:
#  Implicit rule search has been done.
#  File does not exist.
#  File has been updated.
#  Failed to be updated.

# Not a target:
/home/leesum/ysyx/nemu/build/obj--nemu-/src/isa/riscv64/init.o:
#  Implicit rule search has not been done.
#  Modification time never checked.
#  File has not been updated.

# Not a target:
/home/leesum/ysyx/nemu/build/obj--nemu-/src/isa/riscv32/logo.o:
#  Implicit rule search has not been done.
#  Modification time never checked.
#  File has not been updated.

tools/spike-diff/:
#  Phony target (prerequisite of .PHONY).
#  Implicit rule search has not been done.
#  File does not exist.
#  File has not been updated.
#  recipe to execute (from '/home/leesum/ysyx/nemu/scripts/native.mk', line 46):
	-@$(MAKE) -s -C $@ clean

# Not a target:
/home/leesum/ysyx/nemu/build/obj--nemu-/src/monitor/sdb/expr.o:
#  Implicit rule search has not been done.
#  Modification time never checked.
#  File has not been updated.

# Not a target:
src/engine/filelist.mk:
#  Implicit rule search has been done.
#  Last modified 2022-09-28 14:29:11
#  File has been updated.
#  Successfully updated.

# Not a target:
src/device/filelist.mk:
#  Implicit rule search has been done.
#  Last modified 2022-09-28 14:29:11
#  File has been updated.
#  Successfully updated.

# Not a target:
/home/leesum/ysyx/nemu/build/obj--nemu-/src/isa/riscv32/inst.d:
#  Implicit rule search has been done.
#  File does not exist.
#  File has been updated.
#  Failed to be updated.

tools/fixdep/:
#  Phony target (prerequisite of .PHONY).
#  Implicit rule search has not been done.
#  File does not exist.
#  File has not been updated.
#  recipe to execute (from '/home/leesum/ysyx/nemu/scripts/native.mk', line 46):
	-@$(MAKE) -s -C $@ clean

# Not a target:
/home/leesum/ysyx/nemu/build/obj--nemu-/src/isa/riscv32/reg.o:
#  Implicit rule search has not been done.
#  Modification time never checked.
#  File has not been updated.

# Not a target:
.DEFAULT:
#  Implicit rule search has not been done.
#  Modification time never checked.
#  File has not been updated.

# Not a target:
/home/leesum/ysyx/nemu/scripts/config.mk:
#  Implicit rule search has been done.
#  Last modified 2022-09-28 14:29:11
#  File has been updated.
#  Successfully updated.

# Not a target:
all:
#  Command line target.
#  Implicit rule search has been done.
#  File does not exist.
#  File has not been updated.

run: run-env
#  Phony target (prerequisite of .PHONY).
#  Implicit rule search has not been done.
#  File does not exist.
#  File has not been updated.
#  recipe to execute (from '/home/leesum/ysyx/nemu/scripts/native.mk', line 37):
	$(call git_commit, "run NEMU")
	$(NEMU_EXEC)

# Not a target:
/home/leesum/ysyx/nemu/build/obj--nemu-//home/leesum/ysyx/nemu/src/monitor/sdb/watchpoint.d:
#  Implicit rule search has been done.
#  File does not exist.
#  File has been updated.
#  Failed to be updated.

help:
#  Phony target (prerequisite of .PHONY).
#  Implicit rule search has not been done.
#  File does not exist.
#  File has not been updated.
#  recipe to execute (from '/home/leesum/ysyx/nemu/scripts/config.mk', line 59):
	@echo  '  menuconfig	  - Update current config utilising a menu based program'
	@echo  '  savedefconfig   - Save current config as configs/defconfig (minimal config)'

tools/gen-expr/:
#  Phony target (prerequisite of .PHONY).
#  Implicit rule search has not been done.
#  File does not exist.
#  File has not been updated.
#  recipe to execute (from '/home/leesum/ysyx/nemu/scripts/native.mk', line 46):
	-@$(MAKE) -s -C $@ clean

# Not a target:
src/filelist.mk:
#  Implicit rule search has been done.
 
#  Last modified 2022-09-28 14:29:11
#  File has been updated.
#  Successfully updated.

src/am-bin.S:
#  Phony target (prerequisite of .PHONY).
#  Implicit rule search has not been done.
#  File does not exist.
#  File has not been updated.

# Not a target:
/home/leesum/ysyx/nemu/build/obj--nemu-//home/leesum/ysyx/nemu/src/monitor/sdb/exprresult.d:
#  Implicit rule search has been done.
#  File does not exist.
#  File has been updated.
#  Failed to be updated.

# Not a target:
/home/leesum/ysyx/nemu/scripts/build.mk:
#  Implicit rule search has been done.
#  Last modified 2022-09-28 14:29:11
#  File has been updated.
#  Successfully updated.

# Not a target:
/home/leesum/ysyx/nemu/../Makefile:
#  Implicit rule search has been done.
#  Last modified 2022-09-28 14:29:10
#  File has been updated.
#  Successfully updated.

# Not a target:
/home/leesum/ysyx/nemu/build/obj--nemu-/src/cpu/difftest/dut.d:
#  Implicit rule search has been done.
#  File does not exist.
#  File has been updated.
#  Failed to be updated.

clean-tools: tools/qemu-diff/ tools/spike-diff/ tools/fixdep/ tools/kvm-diff/ tools/kconfig/ tools/gen-expr/
#  Phony target (prerequisite of .PHONY).
#  Implicit rule search has not been done.
#  File does not exist.
#  File has not been updated.

# Not a target:
/home/leesum/ysyx/nemu/build/obj--nemu-/src/isa/riscv32/inst.o:
#  Implicit rule search has not been done.
#  Modification time never checked.
#  File has not been updated.

tools/qemu-diff/:
#  Phony target (prerequisite of .PHONY).
#  Implicit rule search has not been done.
#  File does not exist.
#  File has not been updated.
#  recipe to execute (from '/home/leesum/ysyx/nemu/scripts/native.mk', line 46):
	-@$(MAKE) -s -C $@ clean

# Not a target:
/home/leesum/ysyx/nemu/build/obj--nemu-/src/isa/riscv32/system/intr.o:
#  Implicit rule search has not been done.
#  Modification time never checked.
#  File has not been updated.

# Not a target:
/home/leesum/ysyx/nemu/build/obj--nemu-/src/cpu/cpu-exec.d:
#  Implicit rule search has been done.
#  File does not exist.
#  File has been updated.
#  Failed to be updated.

# Not a target:
/home/leesum/ysyx/nemu/build/obj--nemu-/src/device/io/map.o:
#  Implicit rule search has not been done.
#  Modification time never checked.
#  File has not been updated.

tools/kconfig/:
#  Phony target (prerequisite of .PHONY).
#  Implicit rule search has not been done.
#  File does not exist.
#  File has not been updated.
#  recipe to execute (from '/home/leesum/ysyx/nemu/scripts/native.mk', line 46):
	-@$(MAKE) -s -C $@ clean

/home/leesum/ysyx/nemu/tools/kconfig/build/conf:
#  Implicit rule search has not been done.
#  Modification time never checked.
#  File has not been updated.
#  recipe to execute (from '/home/leesum/ysyx/nemu/scripts/config.mk', line 36):
	$(Q)$(MAKE) $(silent) -C $(KCONFIG_PATH) NAME=conf

savedefconfig: /home/leesum/ysyx/nemu/tools/kconfig/build/conf
#  Phony target (prerequisite of .PHONY).
#  Implicit rule search has not been done.
#  File does not exist.
#  File has not been updated.
#  recipe to execute (from '/home/leesum/ysyx/nemu/scripts/config.mk', line 49):
	$(Q)$< $(silent) --$@=configs/defconfig $(Kconfig)

/home/leesum/ysyx/nemu/build/-nemu-: /home/leesum/ysyx/nemu/build/obj--nemu-/src/nemu-main.o /home/leesum/ysyx/nemu/build/obj--nemu-/src/device/io/mmio.o /home/leesum/ysyx/nemu/build/obj--nemu-/src/device/io/port-io.o /home/leesum/ysyx/nemu/build/obj--nemu-/src/device/io/map.o /home/leesum/ysyx/nemu/build/obj--nemu-/src/isa/riscv32/difftest/dut.o /home/leesum/ysyx/nemu/build/obj--nemu-/src/isa/riscv32/inst.o /home/leesum/ysyx/nemu/build/obj--nemu-/src/isa/riscv32/init.o /home/leesum/ysyx/nemu/build/obj--nemu-/src/isa/riscv32/reg.o /home/leesum/ysyx/nemu/build/obj--nemu-/src/isa/riscv32/logo.o /home/leesum/ysyx/nemu/build/obj--nemu-/src/isa/riscv32/system/mmu.o /home/leesum/ysyx/nemu/build/obj--nemu-/src/isa/riscv32/system/intr.o /home/leesum/ysyx/nemu/build/obj--nemu-/src/isa/riscv64/difftest/dut.o /home/leesum/ysyx/nemu/build/obj--nemu-/src/isa/riscv64/inst.o /home/leesum/ysyx/nemu/build/obj--nemu-/src/isa/riscv64/init.o /home/leesum/ysyx/nemu/build/obj--nemu-/src/isa/riscv64/reg.o /home/leesum/ysyx/nemu/build/obj--nemu-/src/isa/riscv64/logo.o /home/leesum/ysyx/nemu/build/obj--nemu-/src/isa/riscv64/system/mmu.o /home/leesum/ysyx/nemu/build/obj--nemu-/src/isa/riscv64/system/intr.o /home/leesum/ysyx/nemu/build/obj--nemu-/src/cpu/difftest/dut.o /home/leesum/ysyx/nemu/build/obj--nemu-/src/cpu/difftest/ref.o /home/leesum/ysyx/nemu/build/obj--nemu-/src/cpu/cpu-exec.o /home/leesum/ysyx/nemu/build/obj--nemu-/src/monitor/monitor.o /home/leesum/ysyx/nemu/build/obj--nemu-/src/monitor/sdb/sdb.o /home/leesum/ysyx/nemu/build/obj--nemu-/src/monitor/sdb/expr.o /home/leesum/ysyx/nemu/build/obj--nemu-/src/utils/log.o /home/leesum/ysyx/nemu/build/obj--nemu-/src/utils/rand.o /home/leesum/ysyx/nemu/build/obj--nemu-/src/utils/state.o /home/leesum/ysyx/nemu/build/obj--nemu-/src/utils/timer.o /home/leesum/ysyx/nemu/build/obj--nemu-/src/engine/interpreter/init.o /home/leesum/ysyx/nemu/build/obj--nemu-/src/engine/interpreter/hostcall.o /home/leesum/ysyx/nemu/build/obj--nemu-//home/leesum/ysyx/nemu/src/monitor/sdb/exprresult.o /home/leesum/ysyx/nemu/build/obj--nemu-//home/leesum/ysyx/nemu/src/monitor/sdb/watchpoint.o compile_git
#  Implicit rule search has not been done.
#  Modification time never checked.
#  File has not been updated.
#  recipe to execute (from '/home/leesum/ysyx/nemu/scripts/build.mk', line 56):
	@echo + LD $@
	@$(LD) -o $@ $(OBJS) $(LDFLAGS) $(ARCHIVES) $(LIBS)

# Not a target:
src/utils/filelist.mk:
#  Implicit rule search has been done.
#  Last modified 2022-09-28 14:29:11
#  File has been updated.
#  Successfully updated.

# Not a target:
/home/leesum/ysyx/nemu/build/obj--nemu-//home/leesum/ysyx/nemu/src/monitor/sdb/exprresult.o:
#  Implicit rule search has not been done.
#  Modification time never checked.
#  File has not been updated.

tools/kvm-diff/:
#  Phony target (prerequisite of .PHONY).
#  Implicit rule search has not been done.
#  File does not exist.
#  File has not been updated.
#  recipe to execute (from '/home/leesum/ysyx/nemu/scripts/native.mk', line 46):
	-@$(MAKE) -s -C $@ clean

# Not a target:
/home/leesum/ysyx/nemu/build/obj--nemu-/src/utils/log.o:
#  Implicit rule search has not been done.
#  Modification time never checked.
#  File has not been updated.

# Not a target:
/home/leesum/ysyx/nemu/build/obj--nemu-/src/isa/riscv64/logo.o:
#  Implicit rule search has not been done.
#  Modification time never checked.
#  File has not been updated.

# Not a target:
src/isa/filelist.mk:
#  Implicit rule search has been done.
#  Last modified 2022-09-28 14:29:11
#  File has been updated.
#  Successfully updated.

# Not a target:
/home/leesum/ysyx/nemu/build/obj--nemu-/src/cpu/difftest/dut.o:
#  Implicit rule search has not been done.
#  Modification time never checked.
#  File has not been updated.

# Not a target:
/home/leesum/ysyx/nemu/build/obj--nemu-/src/utils/rand.o:
#  Implicit rule search has not been done.
#  Modification time never checked.
#  File has not been updated.

# Not a target:
/home/leesum/ysyx/nemu/build/obj--nemu-/src/utils/timer.o:
#  Implicit rule search has not been done.
#  Modification time never checked.
#  File has not been updated.

# Not a target:
/home/leesum/ysyx/nemu/build/obj--nemu-/src/cpu/cpu-exec.o:
#  Implicit rule search has not been done.
#  Modification time never checked.
#  File has not been updated.

# Not a target:
/home/leesum/ysyx/nemu/build/obj--nemu-/src/isa/riscv64/difftest/dut.o:
#  Implicit rule search has not been done.
#  Modification time never checked.
#  File has not been updated.

compile_git:
#  Implicit rule search has not been done.
#  Modification time never checked.
#  File has not been updated.
#  recipe to execute (from '/home/leesum/ysyx/nemu/scripts/native.mk', line 22):
	$(call git_commit, "compile NEMU")

 
.PHONY: src/am-bin.S menuconfig savedefconfig defconfig help distclean .git_commit .clean_index _default app clean run gdb run-env clean-tools clean-all tools/qemu-diff/ tools/spike-diff/ tools/fixdep/ tools/kvm-diff/ tools/kconfig/ tools/gen-expr/
#  Implicit rule search has not been done.
#  Modification time never checked.
#  File has not been updated.

/home/leesum/ysyx/nemu/tools/kconfig/build/mconf:
#  Implicit rule search has not been done.
#  Modification time never checked.
#  File has not been updated.
#  recipe to execute (from '/home/leesum/ysyx/nemu/scripts/config.mk', line 39):
	$(Q)$(MAKE) $(silent) -C $(KCONFIG_PATH) NAME=mconf

# Not a target:
/home/leesum/ysyx/nemu/build/obj--nemu-/src/isa/riscv32/difftest/dut.o:
#  Implicit rule search has not been done.
#  Modification time never checked.
#  File has not been updated.

# Not a target:
/home/leesum/ysyx/nemu/build/obj--nemu-/src/isa/riscv64/reg.o:
#  Implicit rule search has not been done.
#  Modification time never checked.
#  File has not been updated.

gdb: run-env
#  Phony target (prerequisite of .PHONY).
#  Implicit rule search has not been done.
#  File does not exist.
#  File has not been updated.
#  recipe to execute (from '/home/leesum/ysyx/nemu/scripts/native.mk', line 41):
	$(call git_commit, "gdb NEMU")
	gdb -s $(BINARY) --args $(NEMU_EXEC)

# Not a target:
/home/leesum/ysyx/nemu/build/obj--nemu-/src/isa/riscv64/system/mmu.o:
#  Implicit rule search has not been done.
#  Modification time never checked.
#  File has not been updated.

# files hash-table stats:
# Load=108/1024=11%, Rehash=0, Collisions=31/244=13%
# VPATH Search Paths

# No 'vpath' search paths.

# No general ('VPATH' variable) search path.

# strcache buffers: 1 (0) / strings = 115 / storage = 5203 B / avg = 45 B
# current buf: size = 8162 B / used = 5203 B / count = 115 / avg = 45 B

# strcache performance: lookups = 242 / hit rate = 52%
# hash-table stats:
# Load=115/8192=1%, Rehash=0, Collisions=0/242=0%
# Finished Make data base on Fri Oct 28 11:21:50 2022

# make: Leaving directory '/home/leesum/ysyx/nemu'
 
